0.4032 0.1288
0.4087 0.1639
0.3790 0.1067
0.3638 0.0707
0.4154 0.1532
0.3828 0.0942
0.3991 0.1322
0.3769 0.1104
0.3770 0.0830
0.4284 0.2418
0.4253 0.1378
0.4151 0.1242
0.4704 0.2383
0.4191 0.1575
0.4065 0.1467
0.4010 0.1083
0.3831 0.1096
0.3913 0.1294
0.3723 0.1058
0.4070 0.1434
0.3825 0.1004
0.3748 0.1095
0.3983 0.1182
0.3910 0.0909
0.4048 0.2652
0.4053 0.1664
0.3808 0.1200
0.4486 0.1634
0.3908 0.1317
0.4054 0.1246
0.4401 0.3045
0.4622 0.2187
0.4681 0.2614
0.4519 0.2114
0.4438 0.2069
0.3794 0.1021
0.3899 0.1166
0.4370 0.1675
0.3840 0.1094
0.3855 0.1177
0.4161 0.1987
0.3909 0.1227
0.4269 0.1870
0.4147 0.1755
0.1794 0.0794
0.4641 0.0296
0.4760 0.0664
0.4949 0.0768
0.4027 0.2351
0.3892 0.2009
0.4380 0.2458
0.3935 0.1644
0.3758 0.2267
0.3619 0.2012
0.4587 0.2795
0.4184 0.1636
0.4263 0.2422
0.4139 0.1815
0.3770 0.2041
0.3647 0.1228
0.4156 0.1969
0.4326 0.1616
0.4346 0.1452
0.4054 0.1428
0.3365 0.2465
0.3941 0.2163
0.2554 0.1750
0.3318 0.1843
0.4432 0.2729
0.3576 0.1130
0.3134 0.0821
0.3716 0.1709
0.2876 0.1290
0.2799 0.1406
0.4017 0.2008
0.3207 0.1229
0.3285 0.1458
0.3297 0.1650
0.3290 0.1012
0.4120 0.1752
0.3932 0.1871
0.2715 0.1158
0.3117 0.1271
0.2949 0.1259
0.3032 0.1266
0.4272 0.1646
0.3104 0.1141
0.2929 0.0837
0.2986 0.1350
0.2820 0.1829
0.3160 0.1601
0.2890 0.1053
0.3122 0.1495
0.2855 0.1749
0.2890 0.1044
0.3978 0.1528
0.3144 0.1492
0.3120 0.1198
0.2941 0.1423
0.2820 0.1242
0.3089 0.1688
0.2866 0.1428
0.3071 0.1421
0.3016 0.1425
0.3447 0.1869
0.3060 0.1759
0.3619 0.1811
0.3664 0.1580
0.3375 0.1559
0.3103 0.1873
0.3440 0.1506
0.3065 0.1270
0.2753 0.1544
0.3130 0.1460
0.3506 0.1467
0.3349 0.1667
0.3568 0.1885
0.3219 0.1536
0.3109 0.1529
0.2922 0.1232
0.3180 0.1156
0.3386 0.1923
0.3637 0.1568
0.3714 0.1791
0.3131 0.1036
0.2709 0.1336
0.2711 0.1286
0.3016 0.1382
0.2958 0.1002
0.3071 0.1097
0.3009 0.1454
0.3113 0.2664
0.2665 0.1960
0.2675 0.1490
0.2610 0.0142
0.2422 0.0000
0.1227 0.0814
0.1022 0.0447
0.0794 0.0609
0.0890 0.0614
0.1007 0.0608
0.1297 0.1122
0.1852 0.1412
0.2964 0.1396
0.2844 0.1662
0.3162 0.2376
0.2976 0.1506
0.2585 0.1862
0.2519 0.1167
0.3158 0.1336
0.3155 0.1537
0.2258 0.1026
0.2477 0.1482
0.2853 0.1949
0.3498 0.2866
0.3970 0.2443
0.3252 0.1340
0.3581 0.1448
0.3685 0.1657
0.4022 0.1691
0.3066 0.1552
0.2965 0.1166
0.2350 0.1200
0.3151 0.1337
0.3757 0.2049
0.3180 0.1390
0.2971 0.1554
0.2626 0.1900
0.3193 0.1429
0.3185 0.1331
0.3105 0.1543
0.3438 0.1703
0.3242 0.1847
0.4088 0.1991
0.3379 0.1399
0.3303 0.1625
0.3147 0.1651
0.3146 0.1389
0.3037 0.2439
0.3304 0.1555
0.2838 0.1657
0.2942 0.1117
0.2738 0.1391
0.2952 0.0889
0.3686 0.3558
0.2992 0.2205
0.3628 0.2244
0.4148 0.3270
0.2933 0.2233
0.2268 0.3072
0.4607 0.1132
0.4081 0.2256
0.3482 0.1506
0.3102 0.1515
0.3760 0.1796
0.3385 0.1658
0.3340 0.2324
0.3404 0.1685
0.3421 0.2532
0.3300 0.1961
0.3234 0.1007
0.3302 0.1176
0.3546 0.1977
0.3696 0.1817
0.3150 0.1000
0.3410 0.1643
0.3728 0.1816
0.4071 0.1542
0.3153 0.1631
0.3873 0.1622
0.2989 0.1521
0.3939 0.1908
0.3605 0.1493
0.4087 0.1844
0.4285 0.2246
0.3595 0.1632
0.3508 0.1616
0.3779 0.1726
0.3523 0.1249
0.2952 0.1271
0.2728 0.1113
0.3061 0.2803
0.3148 0.1961
0.3145 0.3249
0.4530 0.2863
0.3426 0.1996
0.3346 0.2992
0.2833 0.1664
0.3228 0.2055
0.2497 0.1576
0.2451 0.1594
0.2487 0.1435
0.3025 0.2671
0.2870 0.1421
0.2917 0.0969
0.3643 0.3083
0.2706 0.1260
0.2878 0.1257
0.2506 0.1811
0.2951 0.1723
0.3394 0.1823
0.2909 0.1289
0.2618 0.2040
0.3074 0.1582
0.2787 0.1599
0.3312 0.1843
0.2847 0.1863
0.2661 0.2394
0.1756 0.2173
0.1283 0.1828
0.2660 0.3171
0.2415 0.2647
0.3049 0.1795
0.3886 0.2868
0.3071 0.2196
0.3417 0.1367
0.3302 0.1481
0.2797 0.1584
0.3293 0.1562
0.3720 0.1435
0.3448 0.1588
0.3258 0.2049
0.3077 0.1483
0.3475 0.1950
0.3762 0.1868
0.3956 0.1271
0.3309 0.1325
0.2479 0.1535
0.4585 0.1950
0.3816 0.2293
0.3751 0.1761
0.3021 0.1386
0.4407 0.2344
0.3097 0.1986
0.1669 0.1804
0.2147 0.1507
0.2962 0.1102
0.2548 0.1210
0.2611 0.2295
0.2881 0.1093
0.2596 0.1540
0.2532 0.1691
0.3183 0.2556
0.3166 0.1710
0.4990 0.1334
0.3643 0.1584
0.4134 0.2287
0.2592 0.1537
0.2870 0.1815
0.4040 0.2592
0.2948 0.1481
0.3435 0.1850
0.3637 0.1440
0.2938 0.3947
0.3143 0.2238
0.2721 0.1761
0.2872 0.1753
0.2901 0.1508
0.2837 0.2896
0.2865 0.1542
0.2934 0.1463
0.2376 0.1335
0.3016 0.1668
0.3349 0.1693
0.3104 0.1484
0.3331 0.1917
0.3434 0.1291
0.3020 0.1548
0.2725 0.1440
0.2046 0.0846
0.2430 0.1225
0.2234 0.0712
0.2925 0.0942
0.3726 0.1833
0.3156 0.1093
0.3651 0.2062
0.3683 0.1887
0.3168 0.1711
0.3292 0.1435
0.2910 0.1288
0.3050 0.1424
0.2992 0.1957
0.1178 0.1080
0.1321 0.1278
0.1718 0.1316
0.0688 0.1104
0.0861 0.1644
0.0947 0.0736
0.1098 0.0738
0.0635 0.0546
0.1043 0.1232
0.1588 0.1289
0.1681 0.1436
0.3095 0.1151
0.3649 0.1479
0.2851 0.2087
0.2681 0.1399
0.4215 0.1548
0.3742 0.1520
0.5313 0.1539
0.2711 0.1181
0.2742 0.0903
0.2524 0.1003
0.2963 0.1277
0.2821 0.0889
0.2920 0.1121
0.2897 0.1103
0.3248 0.1172
0.3180 0.1047
0.1997 0.0671
0.2012 0.1198
0.2161 0.0574
0.2483 0.0845
0.3361 0.1669
0.4140 0.2495
0.4861 0.2316
0.2769 0.2645
0.3468 0.3519
0.4498 0.3360
0.2393 0.3072
0.2432 0.2878
0.1419 0.2888
0.2175 0.2113
0.1466 0.1991
0.1992 0.2448
0.2355 0.2532
0.1653 0.2576
0.5805 0.3323
0.5774 0.2816
0.1645 0.2167
0.4000 0.2102
0.3037 0.1351
0.3755 0.1367
0.3041 0.1184
0.2966 0.1120
0.3137 0.1823
0.3654 0.1501
0.2870 0.0948
0.3118 0.1173
0.2958 0.1062
0.2901 0.1102
0.3723 0.1628
0.3220 0.1238
0.3835 0.1588
0.2442 0.1190
0.3525 0.2519
0.3010 0.1733
0.2875 0.0745
0.2918 0.1044
0.2974 0.1676
0.3205 0.1784
0.3338 0.1937
0.3454 0.2045
0.3024 0.1648
0.3073 0.1674
0.3095 0.1647
0.2929 0.1518
0.3223 0.1595
0.2937 0.1059
0.2975 0.1127
0.3125 0.1563
0.3438 0.1414
0.3218 0.1623
0.3260 0.1340
0.3440 0.1211
0.3781 0.1600
0.3242 0.1744
0.3668 0.2088
0.3353 0.2061
0.2779 0.0979
0.3376 0.1539
0.2886 0.0942
0.2955 0.1087
0.3005 0.1585
0.2663 0.1448
0.2916 0.1371
0.2727 0.1430
0.3704 0.1753
0.3299 0.1385
0.2979 0.1949
0.2934 0.1276
0.3807 0.2097
0.2990 0.1672
0.2905 0.1292
0.4087 0.1871
0.2173 0.0572
0.4025 0.1996
0.4270 0.2282
0.3100 0.1188
0.3064 0.1268
0.3435 0.2945
0.3607 0.1586
0.3093 0.1337
0.2751 0.1758
0.2981 0.1094
0.3203 0.1156
0.2896 0.1014
0.3628 0.1402
0.3482 0.1365
0.3601 0.1440
0.4012 0.1853
0.3087 0.1212
0.3224 0.1839
0.3134 0.1124
0.2935 0.0661
0.3228 0.1312
0.3094 0.1258
0.3055 0.1573
0.3227 0.1247
0.3658 0.1370
0.3200 0.1428
0.3360 0.1287
0.3341 0.1252
0.3159 0.1510
0.3067 0.1139
0.2913 0.1365
0.2842 0.0708
0.3421 0.1464
0.3510 0.1061
0.4070 0.1273
0.5069 0.2028
0.5114 0.1319
0.4690 0.0753
0.4876 0.1778
0.3504 0.1507
0.3789 0.1323
0.3166 0.1556
0.3948 0.1811
0.3444 0.1310
0.3289 0.1881
0.3213 0.0905
0.3608 0.1840
0.3480 0.1427
0.3217 0.1540
0.3389 0.1585
0.3770 0.1689
0.3239 0.1254
0.3280 0.1188
0.3167 0.1356
0.3348 0.1478
0.3295 0.1400
0.3709 0.1621
0.3839 0.1557
0.3685 0.1657
0.4048 0.1696
0.3566 0.1283
0.3312 0.2109
0.3594 0.2261
0.3364 0.1471
0.3147 0.1507
0.3557 0.1798
0.3341 0.1576
0.3771 0.2087
0.3979 0.2395
0.3537 0.1394
0.3314 0.1458
0.3780 0.1427
0.3314 0.1495
0.3283 0.1924
0.2781 0.1743
0.3083 0.1437
0.3163 0.1739
0.2810 0.1310
0.2980 0.0878
0.2569 0.1780
0.3394 0.3275
0.2991 0.1277
0.3505 0.2832
0.3067 0.1340
0.3862 0.3229
0.2292 0.2738
0.3521 0.1828
0.3387 0.1464
0.3152 0.1260
0.2885 0.1064
0.3080 0.0993
0.3259 0.1857
0.3254 0.2074
0.4003 0.2083
0.2914 0.1347
0.3701 0.2011
0.2851 0.1191
0.2568 0.2598
0.3167 0.1293
0.3076 0.1294
0.3632 0.1580
0.3093 0.1186
0.3099 0.1162
0.2940 0.1048
0.3077 0.1201
0.3278 0.2189
0.3123 0.1428
0.3844 0.1504
0.2976 0.1857
0.4368 0.1892
0.3278 0.1902
0.3227 0.1890
0.3182 0.1379
0.3243 0.1546
0.3846 0.2333
0.2729 0.1772
0.3216 0.1628
0.2713 0.1998
0.2907 0.2363
0.3134 0.3042
0.3209 0.2822
0.3309 0.1393
0.3424 0.2332
0.2964 0.1229
0.3181 0.1716
0.3370 0.1797
0.3364 0.1711
0.2530 0.2580
0.3187 0.1662
0.3407 0.1920
0.3290 0.1577
0.2952 0.3079
0.2785 0.1920
0.3058 0.1437
0.3715 0.1850
0.3368 0.1830
0.3365 0.1681
0.3362 0.1620
0.3807 0.2212
0.2622 0.1493
0.4006 0.1808
0.3896 0.1852
0.3763 0.2027
0.3014 0.1224
0.2507 0.1709
0.3073 0.1384
0.3388 0.1538
0.3436 0.1712
0.3272 0.1257
0.3096 0.1481
0.3172 0.1527
0.2983 0.1310
0.3315 0.1638
0.4181 0.1493
0.3084 0.1396
0.2937 0.0844
0.4027 0.1620
0.3713 0.1487
0.2918 0.1195
0.3456 0.1345
0.3639 0.2936
0.3527 0.1278
0.3845 0.1451
0.3537 0.1734
0.3451 0.1142
0.3509 0.1877
0.2740 0.1128
0.2674 0.1472
0.2805 0.0481
0.2842 0.1287
0.3023 0.1582
0.3218 0.1248
0.3947 0.1735
0.3417 0.1142
0.3254 0.1272
0.3876 0.1660
0.2981 0.1543
0.3023 0.1002
0.2942 0.1407
0.2708 0.1059
0.3471 0.3703
0.3963 0.2914
0.3103 0.1115
0.3531 0.1872
0.3075 0.1158
0.2101 0.1607
0.3156 0.1132
0.3044 0.1559
0.3067 0.1159
0.3092 0.1495
0.3479 0.1452
0.3000 0.1598
0.3243 0.1398
0.3808 0.1473
0.4323 0.2161
0.3797 0.1792
0.3540 0.1538
0.3490 0.1585
0.3432 0.2597
0.3609 0.1587
0.3092 0.1657
0.3970 0.1972
0.3233 0.1768
0.3297 0.1660
0.4355 0.1660
0.3067 0.2140
0.4217 0.2333
0.3324 0.1511
0.3210 0.1397
0.3052 0.1497
0.3206 0.1774
0.3178 0.1290
0.3422 0.1421
0.3005 0.1506
0.3155 0.1715
0.3102 0.1584
0.3549 0.2597
0.4007 0.1893
0.3225 0.1585
0.3325 0.1250
0.3190 0.1670
0.3540 0.1872
0.3715 0.2352
0.4134 0.2832
0.3762 0.2472
0.3151 0.1044
0.3322 0.1656
0.3831 0.2081
0.3467 0.1637
0.3593 0.2371
0.4239 0.1589
0.3689 0.1994
0.3382 0.1537
0.3610 0.1750
0.3792 0.2279
0.3291 0.1738
0.3196 0.2112
0.3431 0.1682
0.3311 0.1591
0.3834 0.1381
0.3210 0.2107
0.2822 0.2477
0.3228 0.1824
0.4454 0.1635
0.4947 0.2776
0.3872 0.1943
0.3514 0.1886
0.3052 0.1590
0.3599 0.1661
0.3343 0.2294
0.3768 0.2109
0.4612 0.2346
0.3705 0.2292
0.3164 0.1535
0.3599 0.2209
0.2742 0.0948
0.2926 0.1055
0.2840 0.1046
0.3173 0.1042
0.2634 0.1226
0.2796 0.1768
0.3791 0.2116
0.3115 0.2059
0.2637 0.2528
0.2893 0.3070
0.2326 0.3634
0.3582 0.4310
0.3494 0.4115
0.4576 0.2687
0.4005 0.3915
0.3574 0.3299
0.3633 0.3145
0.3557 0.2622
0.3381 0.4046
0.3929 0.3078
0.4037 0.3426
0.4142 0.1350
0.4121 0.2521
0.1985 0.1806
0.4313 0.3682
0.3628 0.3172
0.4100 0.3971
0.3919 0.2915
0.3674 0.3613
0.4711 0.3108
0.5051 0.3314
0.4573 0.3697
0.4463 0.3638
0.3262 0.3225
0.4021 0.3792
0.3543 0.3158
0.3709 0.3249
0.2403 0.1984
0.3995 0.2214
0.4217 0.2377
0.3630 0.3840
0.4190 0.4129
0.3473 0.4262
0.4418 0.3955
0.4220 0.3770
0.3815 0.3682
0.4042 0.4583
0.4912 0.3587
0.4160 0.3680
0.3216 0.3238
0.3855 0.3160
0.4280 0.3229
0.3665 0.3289
0.4095 0.2648
0.3453 0.3730
0.2299 0.1994
0.3723 0.2779
0.3583 0.3710
0.3388 0.2690
0.4154 0.3226
0.4063 0.2659
0.3368 0.2801
0.4132 0.3018
0.4581 0.3401
0.1786 0.1805
0.3727 0.3761
0.2119 0.1854
0.3051 0.3742
0.4264 0.4532
0.1175 0.1608
0.0762 0.1762
0.1207 0.1587
0.3423 0.3505
0.2319 0.1731
0.3972 0.3962
0.4176 0.3155
0.4272 0.3010
0.4137 0.2771
0.3452 0.2992
0.3663 0.3210
0.3388 0.2889
0.3168 0.3582
0.2249 0.2866
0.3855 0.3904
0.3921 0.2324
0.3126 0.2071
0.2971 0.1886
0.4127 0.3443
0.4183 0.3532
0.3286 0.4071
0.3849 0.2884
0.4235 0.3729
0.3942 0.2770
0.3141 0.2763
0.3441 0.3160
0.4077 0.3115
0.3707 0.3417
0.2789 0.3718
0.2540 0.4458
0.2492 0.4797
0.1951 0.3638
0.2258 0.3531
0.2460 0.4427
0.2786 0.4125
0.2314 0.4047
0.3180 0.5209
0.3164 0.4737
0.2891 0.4235
0.2455 0.5035
0.2859 0.4953
0.3689 0.4179
0.3035 0.3832
0.3220 0.3992
0.2875 0.4699
0.2911 0.4580
0.3082 0.4125
0.2928 0.4297
0.2810 0.4378
0.2705 0.4945
0.3155 0.4239
0.3554 0.3961
0.3771 0.4793
0.2972 0.4283
0.3294 0.4404
0.3100 0.4708
0.3012 0.4257
0.2668 0.5285
0.3062 0.4385
0.3026 0.4509
0.3305 0.4514
0.2858 0.4881
0.2860 0.5072
0.3734 0.4374
0.3667 0.4712
0.3294 0.4997
0.3227 0.5372
0.3019 0.4846
0.2898 0.4943
0.3127 0.4814
0.3221 0.5103
0.2917 0.5233
0.2485 0.5091
0.2859 0.4584
0.3058 0.4329
0.5012 0.4779
0.3397 0.4599
0.3199 0.4306
0.3483 0.4802
0.2847 0.4778
0.3226 0.4991
0.2552 0.5189
0.2644 0.4947
0.2351 0.4820
0.0784 0.5613
0.2506 0.5064
0.3380 0.4536
0.3061 0.4322
0.3774 0.4422
0.2603 0.4233
0.3471 0.4689
0.2307 0.4949
0.3124 0.3930
0.2829 0.4332
0.2453 0.5027
0.1946 0.5776
0.2259 0.5039
0.2326 0.4963
0.2650 0.4678
0.2975 0.4908
0.2749 0.4517
0.2705 0.5084
0.2935 0.4772
0.2692 0.4827
0.2864 0.4825
0.2964 0.4627
0.3234 0.4537
0.2897 0.4990
0.3037 0.4683
0.2175 0.5169
0.2862 0.4846
0.2990 0.4764
0.2610 0.4837
0.2785 0.4784
0.2509 0.4131
0.2960 0.3698
0.1736 0.3031
0.3025 0.5294
0.2991 0.4720
0.2010 0.5103
0.1260 0.4942
0.2463 0.4928
0.2869 0.4226
0.2933 0.4574
0.2248 0.5134
0.2753 0.4584
0.2899 0.4970
0.2593 0.4856
0.3024 0.4904
0.2200 0.4847
0.2149 0.5046
0.2356 0.5160
0.3247 0.5723
0.3191 0.4891
0.3221 0.4886
0.2353 0.5730
0.1109 0.4854
0.2091 0.5482
0.0426 0.4993
0.1971 0.4930
0.1285 0.5281
0.1609 0.4925
0.3705 0.4738
0.1557 0.5222
0.1968 0.4724
0.1159 0.5222
0.1135 0.5269
0.0666 0.3720
0.1763 0.4273
0.1350 0.4784
0.1621 0.4856
0.2439 0.3610
0.1769 0.5185
0.1955 0.4790
0.1178 0.2839
0.0810 0.3455
0.0587 0.2507
0.0664 0.2674
0.0735 0.2721
0.0969 0.2523
0.1149 0.3136
0.0647 0.2185
0.1258 0.2857
0.1259 0.3081
0.1987 0.3924
0.1652 0.3062
0.2004 0.4988
0.1980 0.3673
0.0922 0.2846
0.0371 0.2792
0.0893 0.2778
0.0865 0.2892
0.0853 0.2632
0.0961 0.2947
0.0934 0.3088
0.0927 0.2607
0.0753 0.2960
0.1067 0.3115
0.0751 0.2633
0.0759 0.2644
0.0765 0.2891
0.0865 0.2982
0.0743 0.2710
0.0945 0.2966
0.0680 0.2954
0.1213 0.3446
0.1141 0.3095
0.0956 0.3001
0.0966 0.3989
0.1275 0.3000
0.0670 0.2681
0.1165 0.3121
0.1288 0.2952
0.1683 0.2662
0.0927 0.2231
0.1619 0.3215
0.1454 0.2693
0.1459 0.2488
0.0837 0.1844
0.0883 0.2110
0.1586 0.2924
0.0502 0.3394
0.1159 0.2517
0.0478 0.2838
0.1523 0.3441
0.1222 0.2420
0.1329 0.2590
0.1535 0.3384
0.0702 0.2613
0.0797 0.2454
0.0254 0.2640
0.0844 0.2340
0.0602 0.2213
0.0630 0.2210
0.1423 0.3200
0.0618 0.3083
0.0796 0.2517
0.0519 0.2623
0.0507 0.2356
0.0678 0.2361
0.1132 0.2669
0.0673 0.1853
0.0620 0.1707
0.0793 0.2134
0.0801 0.2021
0.1072 0.3098
0.0576 0.1823
0.0564 0.2065
0.0302 0.1923
0.0000 0.1751
0.0711 0.1853
0.0351 0.1939
0.0896 0.2426
0.0646 0.2387
0.0869 0.3176
0.1785 0.3611
0.1515 0.5227
0.1837 0.4670
0.1134 0.4977
0.1277 0.4765
0.1500 0.5155
0.1705 0.4783
0.1433 0.5132
0.1144 0.4969
0.1383 0.5128
0.0928 0.5155
0.1358 0.4953
0.2083 0.5204
0.4117 0.4340
0.1657 0.5402
0.1840 0.4797
